[2025-05-13 15:54:35] NAME: dtdfdhdf dffdfd | EMAIL: qw@gmail.com | PHONE: 0748909879
2025-05-14 14:57:05 - New submission: Name: fg66jguhy6 gtuyujh, Email: timestenkeewweqwqwwqa@gmail.com, Phone: 0748909879
2025-05-14 14:57:05 - Using PHPMailer 6.x
2025-05-14 14:57:05 - Using PHPMailer 6.x
2025-05-14 14:57:09 - Email sent successfully
2025-05-14 14:57:09 - Email sent successfully
2025-05-14 13:27:54 - New submission: Name: fg66jguhy6 gtuyujh, Email: timestenkeewweqwqwwqa@gmail.com, Phone: 0748909879
2025-05-14 13:27:54 - New submission: Name: fg66jguhy6 gtuyujh, Email: timestenkeewweqwqwwqa@gmail.com, Phone: 0748909879
2025-05-14 13:27:54 - DB Error: Table 'opulentl_timestentech.contact_messages' doesn't exist
2025-05-14 13:27:54 - DB Error: Table 'opulentl_timestentech.contact_messages' doesn't exist
2025-05-14 13:27:54 - Using PHPMailer 6.x
2025-05-14 13:27:54 - Using PHPMailer 6.x
2025-05-14 13:27:55 - Email sent successfully
2025-05-14 13:27:55 - Email sent successfully
2025-05-14 13:32:15 - New submission: Name: fg66jguhy6 gtuyujh, Email: timestenkeewweqwqwwqa@gmail.com, Phone: 0748909879
2025-05-14 13:32:15 - DB Error: Table 'opulentl_timestentech.contact_messages' doesn't exist
2025-05-14 13:32:15 - New submission: Name: fg66jguhy6 gtuyujh, Email: timestenkeewweqwqwwqa@gmail.com, Phone: 0748909879
2025-05-14 13:32:15 - DB Error: Table 'opulentl_timestentech.contact_messages' doesn't exist
2025-05-14 13:32:15 - Using PHPMailer 6.x
2025-05-14 13:32:15 - Using PHPMailer 6.x
2025-05-14 13:32:16 - Email sent successfully
2025-05-14 13:32:16 - Email sent successfully
2025-05-14 13:36:44 - New submission: Name: fg66jguhy6 gtuyujh, Email: timestenkeewweqwqwwqa@gmail.com, Phone: 0748909879
2025-05-14 13:36:44 - New submission: Name: fg66jguhy6 gtuyujh, Email: timestenkeewweqwqwwqa@gmail.com, Phone: 0748909879
2025-05-14 13:36:44 - DB Error: Table 'opulentl_timestentech.contact_messages' doesn't exist
2025-05-14 13:36:44 - DB Error: Table 'opulentl_timestentech.contact_messages' doesn't exist
2025-05-14 13:36:44 - Using PHPMailer 6.x
2025-05-14 13:36:44 - Using PHPMailer 6.x
2025-05-14 13:36:44 - Email sent successfully
2025-05-14 13:36:44 - Email sent successfully
2025-05-14 13:37:11 - New submission: Name: fg66jguhy6 gtuyujh, Email: timestenkeewweqwqwwqa@gmail.com, Phone: 0748909879
2025-05-14 13:37:11 - DB Error: Table 'opulentl_timestentech.contact_messages' doesn't exist
2025-05-14 13:37:11 - Using PHPMailer 6.x
2025-05-14 13:37:11 - New submission: Name: fg66jguhy6 gtuyujh, Email: timestenkeewweqwqwwqa@gmail.com, Phone: 0748909879
2025-05-14 13:37:11 - DB Error: Table 'opulentl_timestentech.contact_messages' doesn't exist
2025-05-14 13:37:11 - Using PHPMailer 6.x
2025-05-14 13:37:12 - Email sent successfully
2025-05-14 13:37:12 - Email sent successfully
