2025-05-14 07:01:54	3	Connection: opening to smtp.gmail.com:587, timeout=300, options=array()
2025-05-14 07:01:54	3	Connection: opened
2025-05-14 07:01:54	2	SERVER -> CLIENT: 220 smtp.gmail.com ESMTP 5b1f17b1804b1-442f39e853asm12573675e9.26 - gsmtp

2025-05-14 07:01:54	1	CLIENT -> SERVER: EHLO localhost

2025-05-14 07:01:55	2	SERVER -> CLIENT: 250-smtp.gmail.com at your service, [41.90.33.166]
250-SIZE 35882577
250-8BITMIME
250-STARTTLS
250-ENHANCEDSTATUSCODES
250-PIPELINING
250-CHUNKING
250 SMTPUTF8

2025-05-14 07:01:55	1	CLIENT -> SERVER: STARTTLS

2025-05-14 07:01:55	2	SERVER -> CLIENT: 220 2.0.0 Ready to start TLS

2025-05-14 07:01:55	1	CLIENT -> SERVER: EHLO localhost

2025-05-14 07:01:55	2	SERVER -> CLIENT: 250-smtp.gmail.com at your service, [41.90.33.166]
250-SIZE 35882577
250-8BITMIME
250-AUTH LOGIN PLAIN XOAUTH2 PLAIN-CLIENTTOKEN OAUTHBEARER XOAUTH
250-ENHANCEDSTATUSCODES
250-PIPELINING
250-CHUNKING
250 SMTPUTF8

2025-05-14 07:01:55	1	CLIENT -> SERVER: AUTH LOGIN

2025-05-14 07:01:55	2	SERVER -> CLIENT: 334 VXNlcm5hbWU6

2025-05-14 07:01:55	1	CLIENT -> SERVER: [credentials hidden]
2025-05-14 07:01:55	2	SERVER -> CLIENT: 334 UGFzc3dvcmQ6

2025-05-14 07:01:55	1	CLIENT -> SERVER: [credentials hidden]
2025-05-14 07:01:56	2	SERVER -> CLIENT: 235 2.7.0 Accepted

2025-05-14 07:01:56	1	CLIENT -> SERVER: MAIL FROM:<customer@timestentechnologies.co.ke>

2025-05-14 07:01:56	2	SERVER -> CLIENT: 250 2.1.0 OK 5b1f17b1804b1-442f39e853asm12573675e9.26 - gsmtp

2025-05-14 07:01:56	1	CLIENT -> SERVER: RCPT TO:<timestenkeewweqwqwwqa@gmail.com>

2025-05-14 07:01:56	2	SERVER -> CLIENT: 250 2.1.5 OK 5b1f17b1804b1-442f39e853asm12573675e9.26 - gsmtp

2025-05-14 07:01:56	1	CLIENT -> SERVER: DATA

2025-05-14 07:01:56	2	SERVER -> CLIENT: 354 Go ahead 5b1f17b1804b1-442f39e853asm12573675e9.26 - gsmtp

2025-05-14 07:01:56	1	CLIENT -> SERVER: Date: Wed, 14 May 2025 07:01:54 +0200

2025-05-14 07:01:56	1	CLIENT -> SERVER: To: fg66jguhy6 gtuyujh <timestenkeewweqwqwwqa@gmail.com>

2025-05-14 07:01:56	1	CLIENT -> SERVER: From: TimesTen Technologies <customer@timestentechnologies.co.ke>

2025-05-14 07:01:56	1	CLIENT -> SERVER: Subject: Thank you for contacting TimesTen Technologies

2025-05-14 07:01:56	1	CLIENT -> SERVER: Message-ID: <AM6zEzB5h69IY5ecPlrLATzxwyp82NFMozQnTGzCg@localhost>

2025-05-14 07:01:56	1	CLIENT -> SERVER: X-Mailer: PHPMailer 6.8.0 (https://github.com/PHPMailer/PHPMailer)

2025-05-14 07:01:56	1	CLIENT -> SERVER: MIME-Version: 1.0

2025-05-14 07:01:56	1	CLIENT -> SERVER: Content-Type: multipart/alternative;

2025-05-14 07:01:56	1	CLIENT -> SERVER:  boundary="b1=_AM6zEzB5h69IY5ecPlrLATzxwyp82NFMozQnTGzCg"

2025-05-14 07:01:56	1	CLIENT -> SERVER: Content-Transfer-Encoding: 8bit

2025-05-14 07:01:56	1	CLIENT -> SERVER: 

2025-05-14 07:01:56	1	CLIENT -> SERVER: --b1=_AM6zEzB5h69IY5ecPlrLATzxwyp82NFMozQnTGzCg

2025-05-14 07:01:56	1	CLIENT -> SERVER: Content-Type: text/plain; charset=us-ascii

2025-05-14 07:01:56	1	CLIENT -> SERVER: 

2025-05-14 07:01:56	1	CLIENT -> SERVER: Dear fg66jguhy6 gtuyujh,

2025-05-14 07:01:56	1	CLIENT -> SERVER: 

2025-05-14 07:01:56	1	CLIENT -> SERVER: Thank you for contacting TimesTen Technologies. We have received your message and will get back to you shortly.

2025-05-14 07:01:56	1	CLIENT -> SERVER: 

2025-05-14 07:01:56	1	CLIENT -> SERVER: Best regards,

2025-05-14 07:01:56	1	CLIENT -> SERVER: TimesTen Technologies Team

2025-05-14 07:01:56	1	CLIENT -> SERVER: 

2025-05-14 07:01:56	1	CLIENT -> SERVER: --b1=_AM6zEzB5h69IY5ecPlrLATzxwyp82NFMozQnTGzCg

2025-05-14 07:01:56	1	CLIENT -> SERVER: Content-Type: text/html; charset=us-ascii

2025-05-14 07:01:56	1	CLIENT -> SERVER: 

2025-05-14 07:01:56	1	CLIENT -> SERVER: <html><body><h2>Thank You for Contacting Us</h2><p>Dear fg66jguhy6 gtuyujh,</p><p>Thank you for reaching out to TimesTen Technologies. We have received your message and will get back to you as soon as possible.</p><p><strong>Your message details:</strong></p><p>erydghfdggegyv</p><p>Best regards,<br>TimesTen Technologies Team</p></body></html>

2025-05-14 07:01:56	1	CLIENT -> SERVER: 

2025-05-14 07:01:56	1	CLIENT -> SERVER: 

2025-05-14 07:01:56	1	CLIENT -> SERVER: --b1=_AM6zEzB5h69IY5ecPlrLATzxwyp82NFMozQnTGzCg--

2025-05-14 07:01:56	1	CLIENT -> SERVER: 

2025-05-14 07:01:56	1	CLIENT -> SERVER: .

2025-05-14 07:01:57	2	SERVER -> CLIENT: 250 2.0.0 OK  1747198916 5b1f17b1804b1-442f39e853asm12573675e9.26 - gsmtp

2025-05-14 07:01:57	1	CLIENT -> SERVER: QUIT

2025-05-14 07:01:57	2	SERVER -> CLIENT: 221 2.0.0 closing connection 5b1f17b1804b1-442f39e853asm12573675e9.26 - gsmtp

2025-05-14 07:01:57	3	Connection: closed
