2025-05-14 13:48:28 - New submission: Name: fg66jguhy6 gtuyujh, Email: timestenkeewweqwqwwqa@gmail.com, Phone: 0748909879
2025-05-14 13:48:28 - DB Error: Table 'opulentl_timestentech.contact_messages' doesn't exist
2025-05-14 13:48:28 - New submission: Name: fg66jguhy6 gtuyujh, Email: timestenkeewweqwqwwqa@gmail.com, Phone: 0748909879
2025-05-14 13:48:28 - DB Error: Table 'opulentl_timestentech.contact_messages' doesn't exist
2025-05-14 13:48:28 - Using PHPMailer 6.x
2025-05-14 13:48:28 - Using PHPMailer 6.x
2025-05-14 13:48:29 - Email sent successfully
2025-05-14 13:48:29 - Email sent successfully
2025-05-14 13:48:44 - New submission: Name: fg66jguhy6 gtuyujh, Email: timestenkeewweqwqwwqa@gmail.com, Phone: 0748909879
2025-05-14 13:48:44 - DB Error: Table 'opulentl_timestentech.contact_messages' doesn't exist
2025-05-14 13:48:44 - Using PHPMailer 6.x
2025-05-14 13:48:44 - New submission: Name: fg66jguhy6 gtuyujh, Email: timestenkeewweqwqwwqa@gmail.com, Phone: 0748909879
2025-05-14 13:48:44 - DB Error: Table 'opulentl_timestentech.contact_messages' doesn't exist
2025-05-14 13:48:44 - Using PHPMailer 6.x
2025-05-14 13:48:45 - Email sent successfully
2025-05-14 13:48:45 - Email sent successfully
2025-05-14 13:52:16 - New submission: Name: fg66jguhy6 gtuyujh, Email: timestenkeewweqwqwwqa@gmail.com, Phone: 0748909879
2025-05-14 13:52:16 - DB Error: Table 'opulentl_timestentech.contact_messages' doesn't exist
2025-05-14 13:52:16 - Attempting to send with PHP mail() function
2025-05-14 13:52:16 - New submission: Name: fg66jguhy6 gtuyujh, Email: timestenkeewweqwqwwqa@gmail.com, Phone: 0748909879
2025-05-14 13:52:16 - DB Error: Table 'opulentl_timestentech.contact_messages' doesn't exist
2025-05-14 13:52:16 - Attempting to send with PHP mail() function
2025-05-14 15:17:38 - New submission: Name: Alex Mwangi, Email: kocasineruz@gmail.com, Phone: 0718883983
2025-05-14 15:17:38 - DB Error: Table 'opulentl_timestentech.contact_messages' doesn't exist
2025-05-14 15:17:38 - New submission: Name: Alex Mwangi, Email: kocasineruz@gmail.com, Phone: 0718883983
2025-05-14 15:17:38 - DB Error: Table 'opulentl_timestentech.contact_messages' doesn't exist
2025-05-14 15:17:38 - Using PHPMailer 6.x
2025-05-14 15:17:38 - Using PHPMailer 6.x
2025-05-14 15:17:39 - Email sent successfully
2025-05-14 15:17:39 - Email sent successfully
2025-05-14 15:17:45 - New submission: Name: Alex Mwangi, Email: kocasineruz@gmail.com, Phone: 0718883983
2025-05-14 15:17:45 - New submission: Name: Alex Mwangi, Email: kocasineruz@gmail.com, Phone: 0718883983
2025-05-14 15:17:45 - DB Error: Table 'opulentl_timestentech.contact_messages' doesn't exist
2025-05-14 15:17:45 - DB Error: Table 'opulentl_timestentech.contact_messages' doesn't exist
2025-05-14 15:17:45 - Using PHPMailer 6.x
2025-05-14 15:17:45 - Using PHPMailer 6.x
2025-05-14 15:17:46 - Email sent successfully
2025-05-14 15:17:46 - Email sent successfully
2025-05-15 06:23:14 - New submission: Name: fg66jguhy6 gtuyujh vjhgjh, Email: timestenkeewweqwqwwqa@gmail.com, Phone: 0748909879
2025-05-15 06:23:14 - New submission: Name: fg66jguhy6 gtuyujh vjhgjh, Email: timestenkeewweqwqwwqa@gmail.com, Phone: 0748909879
2025-05-15 06:23:14 - DB Error: Table 'opulentl_timestentech.contact_messages' doesn't exist
2025-05-15 06:23:14 - DB Error: Table 'opulentl_timestentech.contact_messages' doesn't exist
2025-05-15 06:23:14 - Using PHPMailer 6.x
2025-05-15 06:23:14 - Using PHPMailer 6.x
2025-05-15 06:23:15 - Email sent successfully
2025-05-15 06:23:16 - Email sent successfully
2025-05-16 13:35:22 - New submission: Name: fg66jguhy6 gtuyujh, Email: timestenkeewweqwqwwqa@gmail.com, Phone: 0748909879
2025-05-16 13:35:22 - DB Error: Table 'opulentl_timestentech.contact_messages' doesn't exist
2025-05-16 13:35:22 - New submission: Name: fg66jguhy6 gtuyujh, Email: timestenkeewweqwqwwqa@gmail.com, Phone: 0748909879
2025-05-16 13:35:22 - DB Error: Table 'opulentl_timestentech.contact_messages' doesn't exist
2025-05-16 13:35:22 - Using PHPMailer 6.x
2025-05-16 13:35:22 - Using PHPMailer 6.x
2025-05-16 13:35:22 - Email sent successfully
2025-05-16 13:35:23 - Email sent successfully
2025-05-16 13:45:24 - New submission: Name: fg66jguhy6 gtuyujh, Email: timestenkeewweqwqwwqa@gmail.com, Phone: 0748909879
2025-05-16 13:45:24 - New submission: Name: fg66jguhy6 gtuyujh, Email: timestenkeewweqwqwwqa@gmail.com, Phone: 0748909879
2025-05-16 13:45:24 - DB Error: Table 'opulentl_timestentech.contact_messages' doesn't exist
2025-05-16 13:45:24 - DB Error: Table 'opulentl_timestentech.contact_messages' doesn't exist
2025-05-16 13:45:24 - Using PHPMailer 6.x
2025-05-16 13:45:24 - Using PHPMailer 6.x
2025-05-16 13:45:25 - Email sent successfully
2025-05-16 13:45:25 - Email sent successfully
2025-05-16 13:47:00 - New submission: Name: fg66jguhy6 gtuyujh, Email: timestenkeewweqwqwwqa@gmail.com, Phone: 0748909879
2025-05-16 13:47:00 - New submission: Name: fg66jguhy6 gtuyujh, Email: timestenkeewweqwqwwqa@gmail.com, Phone: 0748909879
2025-05-16 13:47:00 - DB Error: Table 'opulentl_timestentech.contact_messages' doesn't exist
2025-05-16 13:47:00 - DB Error: Table 'opulentl_timestentech.contact_messages' doesn't exist
2025-05-16 13:47:00 - Using PHPMailer 6.x
2025-05-16 13:47:00 - Using PHPMailer 6.x
2025-05-16 13:47:01 - Email sent successfully
2025-05-16 13:47:01 - Email sent successfully
2025-05-16 13:47:36 - New submission: Name: wefdhcbg vdfnybgdf, Email: qw@gmail.com, Phone: 0748909879
2025-05-16 13:47:36 - DB Error: Table 'opulentl_timestentech.contact_messages' doesn't exist
2025-05-16 13:47:36 - New submission: Name: wefdhcbg vdfnybgdf, Email: qw@gmail.com, Phone: 0748909879
2025-05-16 13:47:36 - Using PHPMailer 6.x
2025-05-16 13:47:36 - DB Error: Table 'opulentl_timestentech.contact_messages' doesn't exist
2025-05-16 13:47:36 - Using PHPMailer 6.x
2025-05-16 13:47:37 - Email sent successfully
2025-05-16 13:47:37 - Email sent successfully
2025-05-16 13:54:21 - New submission: Name: fg66jguhy6 gtuyujh, Email: timestenkeewweqwqwwqa@gmail.com, Phone: 0748909879
2025-05-16 13:54:21 - DB Error: Table 'opulentl_timestentech.contact_messages' doesn't exist
2025-05-16 13:54:21 - New submission: Name: fg66jguhy6 gtuyujh, Email: timestenkeewweqwqwwqa@gmail.com, Phone: 0748909879
2025-05-16 13:54:21 - DB Error: Table 'opulentl_timestentech.contact_messages' doesn't exist
2025-05-16 13:54:21 - Using PHPMailer 6.x
2025-05-16 13:54:21 - Using PHPMailer 6.x
2025-05-16 13:54:21 - Email sent successfully
2025-05-16 13:54:22 - Email sent successfully
2025-05-16 13:54:58 - New submission: Name: dtdfdhdf dffdfd, Email: qw@gmail.com, Phone: 0748909879
2025-05-16 13:54:58 - DB Error: Table 'opulentl_timestentech.contact_messages' doesn't exist
2025-05-16 13:54:58 - Using PHPMailer 6.x
2025-05-16 13:54:58 - New submission: Name: dtdfdhdf dffdfd, Email: qw@gmail.com, Phone: 0748909879
2025-05-16 13:54:58 - DB Error: Table 'opulentl_timestentech.contact_messages' doesn't exist
2025-05-16 13:54:58 - Using PHPMailer 6.x
2025-05-16 13:54:59 - Email sent successfully
2025-05-16 13:54:59 - Email sent successfully
2025-05-16 14:59:01 - New submission: Name: Gghhhhj, Email: timeenya@gmail.com, Phone: 0718883983
2025-05-16 14:59:01 - DB Error: Table 'opulentl_timestentech.contact_messages' doesn't exist
2025-05-16 14:59:01 - New submission: Name: Gghhhhj, Email: timeenya@gmail.com, Phone: 0718883983
2025-05-16 14:59:01 - DB Error: Table 'opulentl_timestentech.contact_messages' doesn't exist
2025-05-16 14:59:01 - Using PHPMailer 6.x
2025-05-16 14:59:01 - Using PHPMailer 6.x
2025-05-16 14:59:02 - Email sent successfully
2025-05-16 14:59:02 - Email sent successfully
2025-05-16 14:59:34 - New submission: Name: Gghhhhj, Email: kocasineruz@gmail.com, Phone: 0718883983
2025-05-16 14:59:34 - New submission: Name: Gghhhhj, Email: kocasineruz@gmail.com, Phone: 0718883983
2025-05-16 14:59:34 - DB Error: Table 'opulentl_timestentech.contact_messages' doesn't exist
2025-05-16 14:59:34 - Using PHPMailer 6.x
2025-05-16 14:59:34 - DB Error: Table 'opulentl_timestentech.contact_messages' doesn't exist
2025-05-16 14:59:34 - Using PHPMailer 6.x
2025-05-16 14:59:35 - Email sent successfully
2025-05-16 14:59:35 - Email sent successfully
2025-05-16 15:00:12 - New submission: Name: Alex Mwangi, Email: kocasineruz@gmail.com, Phone: 0718883983
2025-05-16 15:00:12 - Validation errors: Please enter a message (at least 10 characters).
2025-05-16 15:00:12 - New submission: Name: Alex Mwangi, Email: kocasineruz@gmail.com, Phone: 0718883983
2025-05-16 15:00:12 - Validation errors: Please enter a message (at least 10 characters).
2025-05-16 15:00:20 - New submission: Name: Alex Mwangi, Email: kocasineruz@gmail.com, Phone: 0718883983
2025-05-16 15:00:20 - DB Error: Table 'opulentl_timestentech.contact_messages' doesn't exist
2025-05-16 15:00:20 - Using PHPMailer 6.x
2025-05-16 15:00:20 - New submission: Name: Alex Mwangi, Email: kocasineruz@gmail.com, Phone: 0718883983
2025-05-16 15:00:20 - DB Error: Table 'opulentl_timestentech.contact_messages' doesn't exist
2025-05-16 15:00:20 - Using PHPMailer 6.x
2025-05-16 15:00:21 - Email sent successfully
2025-05-16 15:00:21 - Email sent successfully
2025-06-07 06:40:31 - New submission: Name: fg66jguhy6 gtuyujh, Email: timestenkeewweqwqwwqa@gmail.com, Phone: 0748909879
2025-06-07 06:40:31 - Validation errors: Please enter a message (at least 10 characters).
2025-06-07 06:40:31 - New submission: Name: fg66jguhy6 gtuyujh, Email: timestenkeewweqwqwwqa@gmail.com, Phone: 0748909879
2025-06-07 06:40:31 - Validation errors: Please enter a message (at least 10 characters).
2025-06-07 06:40:40 - New submission: Name: fg66jguhy6 gtuyujh, Email: timestenkeewweqwqwwqa@gmail.com, Phone: 0748909879
2025-06-07 06:40:40 - DB Error: Table 'opulentl_timestentech.contact_messages' doesn't exist
2025-06-07 06:40:40 - New submission: Name: fg66jguhy6 gtuyujh, Email: timestenkeewweqwqwwqa@gmail.com, Phone: 0748909879
2025-06-07 06:40:40 - DB Error: Table 'opulentl_timestentech.contact_messages' doesn't exist
2025-06-07 06:40:40 - Using PHPMailer 6.x
2025-06-07 06:40:40 - Using PHPMailer 6.x
2025-06-07 06:40:40 - Email sent successfully
2025-06-07 06:40:41 - Email sent successfully
2025-06-07 06:43:43 - New submission: Name: fg66jguhy6 gtuyujh, Email: timestenkeewweqwqwwqa@gmail.com, Phone: 0748909879
2025-06-07 06:43:43 - DB Error: Table 'opulentl_timestentech.contact_messages' doesn't exist
2025-06-07 06:43:43 - Using PHPMailer 6.x
2025-06-07 06:43:44 - Email sent successfully
2025-07-10 18:16:32 - New submission: Name: lemuli , Email: lemulisimanga73@gmail.com, Phone: 0794413350
2025-07-10 18:16:32 - New submission: Name: lemuli , Email: lemulisimanga73@gmail.com, Phone: 0794413350
2025-07-10 18:16:32 - DB Error: Table 'opulentl_timestentech.contact_messages' doesn't exist
2025-07-10 18:16:32 - DB Error: Table 'opulentl_timestentech.contact_messages' doesn't exist
2025-07-10 18:16:32 - Using PHPMailer 6.x
2025-07-10 18:16:32 - Using PHPMailer 6.x
2025-07-10 18:16:33 - Email sent successfully
2025-07-10 18:16:33 - Email sent successfully
2025-07-11 15:08:53 - New submission: Name:  SIMANGA, Email: lemulisimanga73@gmail.com, Phone: 0794413350
2025-07-11 15:08:53 - DB Error: Table 'opulentl_timestentech.contact_messages' doesn't exist
2025-07-11 15:08:53 - New submission: Name:  SIMANGA, Email: lemulisimanga73@gmail.com, Phone: 0794413350
2025-07-11 15:08:53 - DB Error: Table 'opulentl_timestentech.contact_messages' doesn't exist
2025-07-11 15:08:53 - Using PHPMailer 6.x
2025-07-11 15:08:53 - Using PHPMailer 6.x
2025-07-11 15:08:55 - Email sent successfully
2025-07-11 15:08:55 - Email sent successfully
